<?xml version="1.0" encoding="UTF-8"?>
<!-- Generated by org.testng.reporters.JUnitXMLReporter -->
<testsuite ignored="0" hostname="95WPP13" failures="0" tests="4" name="Test" time="0.033" errors="0" timestamp="2020-11-08T22:54:46 IST">
  <testcase classname="qaclickacademy.Mavenjava.RESTApiTest" name="deleteTwitter" time="0.004"/>
  <testcase classname="qaclickacademy.Mavenjava.RESTApiTest" name="postJira" time="0.0"/>
  <testcase classname="qaclickacademy.Mavenjava.SeleniumTest" name="BrowserAtomation" time="0.0"/>
  <testcase classname="qaclickacademy.Mavenjava.SeleniumTest" name="ElementsUI" time="0.0"/>
</testsuite> <!-- Test -->
