<?xml version="1.0" encoding="UTF-8"?>
<!-- Generated by org.testng.reporters.JUnitXMLReporter -->
<testsuite ignored="0" hostname="95WPP13" failures="0" tests="6" name="Personal loan" time="0.041" errors="0" timestamp="2020-11-08T11:27:52 IST">
  <testcase classname="qaclickacademy.Mavenjava.AppiumTest" name="iosApp" time="0.005"/>
  <testcase classname="qaclickacademy.Mavenjava.AppiumTest" name="nativeApp" time="0.001"/>
  <testcase classname="qaclickacademy.Mavenjava.RESTApiTest" name="deleteTwitter" time="0.001"/>
  <testcase classname="qaclickacademy.Mavenjava.RESTApiTest" name="postJira" time="0.001"/>
  <testcase classname="qaclickacademy.Mavenjava.SeleniumTest" name="BrowserAtomation" time="0.001"/>
  <testcase classname="qaclickacademy.Mavenjava.SeleniumTest" name="ElementsUI" time="0.001"/>
</testsuite> <!-- Personal loan -->
