<?xml version="1.0" encoding="UTF-8"?>
<testng-results ignored="0" total="4" passed="4" failed="0" skipped="0">
  <reporter-output>
  </reporter-output>
  <suite started-at="2020-11-08T22:54:46 IST" name="Suite" finished-at="2020-11-08T22:54:46 IST" duration-ms="33">
    <groups>
    </groups>
    <test started-at="2020-11-08T22:54:46 IST" name="Test" finished-at="2020-11-08T22:54:46 IST" duration-ms="33">
      <class name="qaclickacademy.Mavenjava.RESTApiTest">
        <test-method signature="deleteTwitter()[pri:0, instance:qaclickacademy.Mavenjava.RESTApiTest@4d910fd6]" started-at="2020-11-08T22:54:46 IST" name="deleteTwitter" finished-at="2020-11-08T22:54:46 IST" duration-ms="4" status="PASS">
          <reporter-output>
          </reporter-output>
        </test-method> <!-- deleteTwitter -->
        <test-method signature="postJira()[pri:0, instance:qaclickacademy.Mavenjava.RESTApiTest@4d910fd6]" started-at="2020-11-08T22:54:46 IST" name="postJira" finished-at="2020-11-08T22:54:46 IST" duration-ms="0" status="PASS">
          <reporter-output>
          </reporter-output>
        </test-method> <!-- postJira -->
      </class> <!-- qaclickacademy.Mavenjava.RESTApiTest -->
      <class name="qaclickacademy.Mavenjava.SeleniumTest">
        <test-method signature="BrowserAtomation()[pri:0, instance:qaclickacademy.Mavenjava.SeleniumTest@26275bef]" started-at="2020-11-08T22:54:46 IST" name="BrowserAtomation" finished-at="2020-11-08T22:54:46 IST" duration-ms="0" status="PASS">
          <reporter-output>
          </reporter-output>
        </test-method> <!-- BrowserAtomation -->
        <test-method signature="ElementsUI()[pri:0, instance:qaclickacademy.Mavenjava.SeleniumTest@26275bef]" started-at="2020-11-08T22:54:46 IST" name="ElementsUI" finished-at="2020-11-08T22:54:46 IST" duration-ms="0" status="PASS">
          <reporter-output>
          </reporter-output>
        </test-method> <!-- ElementsUI -->
      </class> <!-- qaclickacademy.Mavenjava.SeleniumTest -->
    </test> <!-- Test -->
  </suite> <!-- Suite -->
</testng-results>
