<?xml version="1.0" encoding="UTF-8"?>
<testng-results ignored="0" total="6" passed="6" failed="0" skipped="0">
  <reporter-output>
  </reporter-output>
  <suite started-at="2020-11-08T11:27:52 IST" name="Loan department" finished-at="2020-11-08T11:27:52 IST" duration-ms="41">
    <groups>
    </groups>
    <test started-at="2020-11-08T11:27:52 IST" name="Personal loan" finished-at="2020-11-08T11:27:52 IST" duration-ms="41">
      <class name="qaclickacademy.Mavenjava.RESTApiTest">
        <test-method signature="deleteTwitter()[pri:0, instance:qaclickacademy.Mavenjava.RESTApiTest@29626d54]" started-at="2020-11-08T11:27:52 IST" name="deleteTwitter" finished-at="2020-11-08T11:27:52 IST" duration-ms="1" status="PASS">
          <reporter-output>
          </reporter-output>
        </test-method> <!-- deleteTwitter -->
        <test-method signature="postJira()[pri:0, instance:qaclickacademy.Mavenjava.RESTApiTest@29626d54]" started-at="2020-11-08T11:27:52 IST" name="postJira" finished-at="2020-11-08T11:27:52 IST" duration-ms="1" status="PASS">
          <reporter-output>
          </reporter-output>
        </test-method> <!-- postJira -->
      </class> <!-- qaclickacademy.Mavenjava.RESTApiTest -->
      <class name="qaclickacademy.Mavenjava.AppiumTest">
        <test-method signature="iosApp()[pri:0, instance:qaclickacademy.Mavenjava.AppiumTest@5bd03f44]" started-at="2020-11-08T11:27:52 IST" name="iosApp" finished-at="2020-11-08T11:27:52 IST" duration-ms="5" status="PASS">
          <reporter-output>
          </reporter-output>
        </test-method> <!-- iosApp -->
        <test-method signature="nativeApp()[pri:0, instance:qaclickacademy.Mavenjava.AppiumTest@5bd03f44]" started-at="2020-11-08T11:27:52 IST" name="nativeApp" finished-at="2020-11-08T11:27:52 IST" duration-ms="1" status="PASS">
          <reporter-output>
          </reporter-output>
        </test-method> <!-- nativeApp -->
      </class> <!-- qaclickacademy.Mavenjava.AppiumTest -->
      <class name="qaclickacademy.Mavenjava.SeleniumTest">
        <test-method signature="BrowserAtomation()[pri:0, instance:qaclickacademy.Mavenjava.SeleniumTest@5a63f509]" started-at="2020-11-08T11:27:52 IST" name="BrowserAtomation" finished-at="2020-11-08T11:27:52 IST" duration-ms="1" status="PASS">
          <reporter-output>
          </reporter-output>
        </test-method> <!-- BrowserAtomation -->
        <test-method signature="ElementsUI()[pri:0, instance:qaclickacademy.Mavenjava.SeleniumTest@5a63f509]" started-at="2020-11-08T11:27:52 IST" name="ElementsUI" finished-at="2020-11-08T11:27:52 IST" duration-ms="1" status="PASS">
          <reporter-output>
          </reporter-output>
        </test-method> <!-- ElementsUI -->
      </class> <!-- qaclickacademy.Mavenjava.SeleniumTest -->
    </test> <!-- Personal loan -->
  </suite> <!-- Loan department -->
</testng-results>
